Starting NfcJavaApplication on wilson.local with PID 13044 (/Users/yangxuewu/CodingDemo/nfc/nfc_java/target/classes started by yangxuewu in /Users/yangxuewu/CodingDemo/nfc/nfc_java)
No active profile set, falling back to default profiles: default
Refreshing org.springframework.boot.web.servlet.context.AnnotationConfigServletWebServerApplicationContext@353d0772: startup date [Fri Jun 22 13:44:10 CST 2018]; root of context hierarchy
Bean 'org.springframework.transaction.annotation.ProxyTransactionManagementConfiguration' of type [org.springframework.transaction.annotation.ProxyTransactionManagementConfiguration$$EnhancerBySpringCGLIB$$49abe741] is not eligible for getting processed by all BeanPostProcessors (for example: not eligible for auto-proxying)
Tomcat initialized with port(s): 8080 (http)
Initializing ProtocolHandler ["http-nio-8080"]
Starting service [Tomcat]
Starting Servlet Engine: Apache Tomcat/8.5.31
The APR based Apache Tomcat Native library which allows optimal performance in production environments was not found on the java.library.path: [/Users/yangxuewu/Library/Java/Extensions:/Library/Java/Extensions:/Network/Library/Java/Extensions:/System/Library/Java/Extensions:/usr/lib/java:.]
Initializing Spring embedded WebApplicationContext
Root WebApplicationContext: initialization completed in 7963 ms
Servlet dispatcherServlet mapped to [/]
Mapping filter: 'characterEncodingFilter' to: [/*]
Mapping filter: 'hiddenHttpMethodFilter' to: [/*]
Mapping filter: 'httpPutFormContentFilter' to: [/*]
Mapping filter: 'requestContextFilter' to: [/*]
加载：MyBatis分页插件PageHelper
Mapped "{[/api/categoryId],methods=[GET]}" onto public com.github.pagehelper.PageInfo com.wilson.nfc.controller.portal.ProductController.ProductList(java.lang.Integer,java.lang.Integer,java.lang.Integer)
Mapped "{[/user/login],methods=[POST]}" onto public com.wilson.nfc.common.ServerResponse<com.wilson.nfc.model.User> com.wilson.nfc.controller.portal.UserController.login(java.lang.String,java.lang.String)
Mapped "{[/user/id],methods=[GET]}" onto public com.wilson.nfc.common.ServerResponse<com.wilson.nfc.model.User> com.wilson.nfc.controller.portal.UserController.findUserById(java.lang.Integer)
Mapped "{[/v2/api-docs],methods=[GET]}" onto public org.springframework.http.ResponseEntity<springfox.documentation.spring.web.json.Json> springfox.documentation.swagger2.web.Swagger2Controller.getDocumentation(java.lang.String)
Mapped "{[/configuration/security]}" onto org.springframework.http.ResponseEntity<springfox.documentation.swagger.web.SecurityConfiguration> springfox.documentation.swagger.web.ApiResourceController.securityConfiguration()
Mapped "{[/configuration/ui]}" onto org.springframework.http.ResponseEntity<springfox.documentation.swagger.web.UiConfiguration> springfox.documentation.swagger.web.ApiResourceController.uiConfiguration()
Mapped "{[/swagger-resources]}" onto org.springframework.http.ResponseEntity<java.util.List<springfox.documentation.swagger.web.SwaggerResource>> springfox.documentation.swagger.web.ApiResourceController.swaggerResources()
Mapped "{[/error]}" onto public org.springframework.http.ResponseEntity<java.util.Map<java.lang.String, java.lang.Object>> org.springframework.boot.autoconfigure.web.servlet.error.BasicErrorController.error(javax.servlet.http.HttpServletRequest)
Mapped "{[/error],produces=[text/html]}" onto public org.springframework.web.servlet.ModelAndView org.springframework.boot.autoconfigure.web.servlet.error.BasicErrorController.errorHtml(javax.servlet.http.HttpServletRequest,javax.servlet.http.HttpServletResponse)
Mapped URL path [/**/favicon.ico] onto handler of type [class org.springframework.web.servlet.resource.ResourceHttpRequestHandler]
Looking for @ControllerAdvice: org.springframework.boot.web.servlet.context.AnnotationConfigServletWebServerApplicationContext@353d0772: startup date [Fri Jun 22 13:44:10 CST 2018]; root of context hierarchy
Mapped URL path [/webjars/**] onto handler of type [class org.springframework.web.servlet.resource.ResourceHttpRequestHandler]
Mapped URL path [/**] onto handler of type [class org.springframework.web.servlet.resource.ResourceHttpRequestHandler]
Registering beans for JMX exposure on startup
Bean with name 'dataSource' has been autodetected for JMX exposure
Located MBean 'dataSource': registering with JMX server as MBean [com.zaxxer.hikari:name=dataSource,type=HikariDataSource]
Context refreshed
Found {0} custom documentation plugin(s)
Scanning for api listing references
Group for method ProductList was product-controller
Request mapping: ProductList belongs to groups: [[ResourceGroup{groupName='product-controller', position=0, controller=com.wilson.nfc.controller.portal.ProductController}]]
Group for method findUserById was user-controller
Request mapping: findUserById belongs to groups: [[ResourceGroup{groupName='user-controller', position=0, controller=com.wilson.nfc.controller.portal.UserController}]]
Group for method login was user-controller
Request mapping: login belongs to groups: [[ResourceGroup{groupName='user-controller', position=0, controller=com.wilson.nfc.controller.portal.UserController}]]
Created resource listing Path: /default/user-controller Description: user-controller Position: 0
Created resource listing Path: /default/product-controller Description: product-controller Position: 0
Cache Key Generated: com.github.pagehelper.PageInfo(true)
Caching aspect applied for cache models with key com.github.pagehelper.PageInfo(true)
Cache key generated: com.github.pagehelper.PageInfo(true)
Caching aspect applied for cache modelProperties with key com.github.pagehelper.PageInfo(true)
Cache Key Generated: com.github.pagehelper.PageInfo(true)
Caching aspect applied for cache modelDependencies with key com.github.pagehelper.PageInfo(true)
Cache key generated: com.github.pagehelper.PageInfo(true)
Caching aspect applied for cache modelProperties with key com.github.pagehelper.PageInfo(true)
Cache key generated: /api/categoryId.com.wilson.nfc.controller.portal.ProductController.ProductList.DefaultGenericTypeNamingStrategy
Caching aspect applied for cache operations with key /api/categoryId.com.wilson.nfc.controller.portal.ProductController.ProductList.DefaultGenericTypeNamingStrategy
Group for method ProductList was product-controller
Group for method ProductList was product-controller
Cache Key Generated: com.wilson.nfc.common.ServerResponse<com.wilson.nfc.model.User>(true)
Caching aspect applied for cache models with key com.wilson.nfc.common.ServerResponse<com.wilson.nfc.model.User>(true)
Cache key generated: com.wilson.nfc.common.ServerResponse<com.wilson.nfc.model.User>(true)
Caching aspect applied for cache modelProperties with key com.wilson.nfc.common.ServerResponse<com.wilson.nfc.model.User>(true)
Cache Key Generated: com.wilson.nfc.common.ServerResponse<com.wilson.nfc.model.User>(true)
Caching aspect applied for cache modelDependencies with key com.wilson.nfc.common.ServerResponse<com.wilson.nfc.model.User>(true)
Cache key generated: com.wilson.nfc.model.User(true)
Caching aspect applied for cache modelProperties with key com.wilson.nfc.model.User(true)
Cache key generated: com.wilson.nfc.common.ServerResponse<com.wilson.nfc.model.User>(true)
Caching aspect applied for cache modelProperties with key com.wilson.nfc.common.ServerResponse<com.wilson.nfc.model.User>(true)
Cache key generated: com.wilson.nfc.model.User(true)
Caching aspect applied for cache modelProperties with key com.wilson.nfc.model.User(true)
Cache key generated: com.wilson.nfc.model.User(true)
Caching aspect applied for cache modelProperties with key com.wilson.nfc.model.User(true)
Cache key generated: /user/id.com.wilson.nfc.controller.portal.UserController.findUserById.DefaultGenericTypeNamingStrategy
Caching aspect applied for cache operations with key /user/id.com.wilson.nfc.controller.portal.UserController.findUserById.DefaultGenericTypeNamingStrategy
Group for method findUserById was user-controller
Group for method findUserById was user-controller
Cache Key Generated: com.wilson.nfc.common.ServerResponse<com.wilson.nfc.model.User>(true)
Caching aspect applied for cache models with key com.wilson.nfc.common.ServerResponse<com.wilson.nfc.model.User>(true)
Cache Key Generated: com.wilson.nfc.common.ServerResponse<com.wilson.nfc.model.User>(true)
Caching aspect applied for cache modelDependencies with key com.wilson.nfc.common.ServerResponse<com.wilson.nfc.model.User>(true)
Cache key generated: com.wilson.nfc.model.User(true)
Caching aspect applied for cache modelProperties with key com.wilson.nfc.model.User(true)
Cache key generated: /user/login.com.wilson.nfc.controller.portal.UserController.login.DefaultGenericTypeNamingStrategy
Caching aspect applied for cache operations with key /user/login.com.wilson.nfc.controller.portal.UserController.login.DefaultGenericTypeNamingStrategy
Group for method login was user-controller
Group for method login was user-controller
Starting ProtocolHandler ["http-nio-8080"]
Using a shared selector for servlet write/read
Tomcat started on port(s): 8080 (http) with context path ''
Started NfcJavaApplication in 16.562 seconds (JVM running for 18.095)
Initializing Spring FrameworkServlet 'dispatcherServlet'
FrameworkServlet 'dispatcherServlet': initialization started
FrameworkServlet 'dispatcherServlet': initialization completed in 28 ms
Closing org.springframework.boot.web.servlet.context.AnnotationConfigServletWebServerApplicationContext@353d0772: startup date [Fri Jun 22 13:44:10 CST 2018]; root of context hierarchy
Unregistering JMX-exposed beans on shutdown
Unregistering JMX-exposed beans
Starting NfcJavaApplication on wilson.local with PID 13090 (/Users/yangxuewu/CodingDemo/nfc/nfc_java/target/classes started by yangxuewu in /Users/yangxuewu/CodingDemo/nfc/nfc_java)
No active profile set, falling back to default profiles: default
Refreshing org.springframework.boot.web.servlet.context.AnnotationConfigServletWebServerApplicationContext@353d0772: startup date [Fri Jun 22 13:45:33 CST 2018]; root of context hierarchy
Bean 'org.springframework.transaction.annotation.ProxyTransactionManagementConfiguration' of type [org.springframework.transaction.annotation.ProxyTransactionManagementConfiguration$$EnhancerBySpringCGLIB$$f0d6e37f] is not eligible for getting processed by all BeanPostProcessors (for example: not eligible for auto-proxying)
Tomcat initialized with port(s): 8080 (http)
Initializing ProtocolHandler ["http-nio-8080"]
Starting service [Tomcat]
Starting Servlet Engine: Apache Tomcat/8.5.31
The APR based Apache Tomcat Native library which allows optimal performance in production environments was not found on the java.library.path: [/Users/yangxuewu/Library/Java/Extensions:/Library/Java/Extensions:/Network/Library/Java/Extensions:/System/Library/Java/Extensions:/usr/lib/java:.]
Initializing Spring embedded WebApplicationContext
Root WebApplicationContext: initialization completed in 4425 ms
Servlet dispatcherServlet mapped to [/]
Mapping filter: 'characterEncodingFilter' to: [/*]
Mapping filter: 'hiddenHttpMethodFilter' to: [/*]
Mapping filter: 'httpPutFormContentFilter' to: [/*]
Mapping filter: 'requestContextFilter' to: [/*]
加载：MyBatis分页插件PageHelper
Mapped "{[/api/categoryId],methods=[GET]}" onto public com.github.pagehelper.PageInfo com.wilson.nfc.controller.portal.ProductController.ProductList(java.lang.Integer,java.lang.Integer,java.lang.Integer)
Mapped "{[/user/login],methods=[POST]}" onto public com.wilson.nfc.common.ServerResponse<com.wilson.nfc.model.User> com.wilson.nfc.controller.portal.UserController.login(java.lang.String,java.lang.String)
Mapped "{[/user/id],methods=[GET]}" onto public com.wilson.nfc.common.ServerResponse<com.wilson.nfc.model.User> com.wilson.nfc.controller.portal.UserController.findUserById(java.lang.Integer)
Mapped "{[/v2/api-docs],methods=[GET]}" onto public org.springframework.http.ResponseEntity<springfox.documentation.spring.web.json.Json> springfox.documentation.swagger2.web.Swagger2Controller.getDocumentation(java.lang.String)
Mapped "{[/configuration/security]}" onto org.springframework.http.ResponseEntity<springfox.documentation.swagger.web.SecurityConfiguration> springfox.documentation.swagger.web.ApiResourceController.securityConfiguration()
Mapped "{[/configuration/ui]}" onto org.springframework.http.ResponseEntity<springfox.documentation.swagger.web.UiConfiguration> springfox.documentation.swagger.web.ApiResourceController.uiConfiguration()
Mapped "{[/swagger-resources]}" onto org.springframework.http.ResponseEntity<java.util.List<springfox.documentation.swagger.web.SwaggerResource>> springfox.documentation.swagger.web.ApiResourceController.swaggerResources()
Mapped "{[/error]}" onto public org.springframework.http.ResponseEntity<java.util.Map<java.lang.String, java.lang.Object>> org.springframework.boot.autoconfigure.web.servlet.error.BasicErrorController.error(javax.servlet.http.HttpServletRequest)
Mapped "{[/error],produces=[text/html]}" onto public org.springframework.web.servlet.ModelAndView org.springframework.boot.autoconfigure.web.servlet.error.BasicErrorController.errorHtml(javax.servlet.http.HttpServletRequest,javax.servlet.http.HttpServletResponse)
Mapped URL path [/**/favicon.ico] onto handler of type [class org.springframework.web.servlet.resource.ResourceHttpRequestHandler]
Looking for @ControllerAdvice: org.springframework.boot.web.servlet.context.AnnotationConfigServletWebServerApplicationContext@353d0772: startup date [Fri Jun 22 13:45:33 CST 2018]; root of context hierarchy
Mapped URL path [/webjars/**] onto handler of type [class org.springframework.web.servlet.resource.ResourceHttpRequestHandler]
Mapped URL path [/**] onto handler of type [class org.springframework.web.servlet.resource.ResourceHttpRequestHandler]
Registering beans for JMX exposure on startup
Bean with name 'dataSource' has been autodetected for JMX exposure
Located MBean 'dataSource': registering with JMX server as MBean [com.zaxxer.hikari:name=dataSource,type=HikariDataSource]
Context refreshed
Found {0} custom documentation plugin(s)
Scanning for api listing references
Group for method ProductList was product-controller
Request mapping: ProductList belongs to groups: [[ResourceGroup{groupName='product-controller', position=0, controller=com.wilson.nfc.controller.portal.ProductController}]]
Group for method findUserById was user-controller
Request mapping: findUserById belongs to groups: [[ResourceGroup{groupName='user-controller', position=0, controller=com.wilson.nfc.controller.portal.UserController}]]
Group for method login was user-controller
Request mapping: login belongs to groups: [[ResourceGroup{groupName='user-controller', position=0, controller=com.wilson.nfc.controller.portal.UserController}]]
Created resource listing Path: /default/product-controller Description: product-controller Position: 0
Created resource listing Path: /default/user-controller Description: user-controller Position: 0
Cache Key Generated: com.github.pagehelper.PageInfo(true)
Caching aspect applied for cache models with key com.github.pagehelper.PageInfo(true)
Cache key generated: com.github.pagehelper.PageInfo(true)
Caching aspect applied for cache modelProperties with key com.github.pagehelper.PageInfo(true)
Cache Key Generated: com.github.pagehelper.PageInfo(true)
Caching aspect applied for cache modelDependencies with key com.github.pagehelper.PageInfo(true)
Cache key generated: com.github.pagehelper.PageInfo(true)
Caching aspect applied for cache modelProperties with key com.github.pagehelper.PageInfo(true)
Cache key generated: /api/categoryId.com.wilson.nfc.controller.portal.ProductController.ProductList.DefaultGenericTypeNamingStrategy
Caching aspect applied for cache operations with key /api/categoryId.com.wilson.nfc.controller.portal.ProductController.ProductList.DefaultGenericTypeNamingStrategy
Group for method ProductList was product-controller
Group for method ProductList was product-controller
Cache Key Generated: com.wilson.nfc.common.ServerResponse<com.wilson.nfc.model.User>(true)
Caching aspect applied for cache models with key com.wilson.nfc.common.ServerResponse<com.wilson.nfc.model.User>(true)
Cache key generated: com.wilson.nfc.common.ServerResponse<com.wilson.nfc.model.User>(true)
Caching aspect applied for cache modelProperties with key com.wilson.nfc.common.ServerResponse<com.wilson.nfc.model.User>(true)
Cache Key Generated: com.wilson.nfc.common.ServerResponse<com.wilson.nfc.model.User>(true)
Caching aspect applied for cache modelDependencies with key com.wilson.nfc.common.ServerResponse<com.wilson.nfc.model.User>(true)
Cache key generated: com.wilson.nfc.model.User(true)
Caching aspect applied for cache modelProperties with key com.wilson.nfc.model.User(true)
Cache key generated: com.wilson.nfc.common.ServerResponse<com.wilson.nfc.model.User>(true)
Caching aspect applied for cache modelProperties with key com.wilson.nfc.common.ServerResponse<com.wilson.nfc.model.User>(true)
Cache key generated: com.wilson.nfc.model.User(true)
Caching aspect applied for cache modelProperties with key com.wilson.nfc.model.User(true)
Cache key generated: com.wilson.nfc.model.User(true)
Caching aspect applied for cache modelProperties with key com.wilson.nfc.model.User(true)
Cache key generated: /user/id.com.wilson.nfc.controller.portal.UserController.findUserById.DefaultGenericTypeNamingStrategy
Caching aspect applied for cache operations with key /user/id.com.wilson.nfc.controller.portal.UserController.findUserById.DefaultGenericTypeNamingStrategy
Group for method findUserById was user-controller
Group for method findUserById was user-controller
Cache Key Generated: com.wilson.nfc.common.ServerResponse<com.wilson.nfc.model.User>(true)
Caching aspect applied for cache models with key com.wilson.nfc.common.ServerResponse<com.wilson.nfc.model.User>(true)
Cache Key Generated: com.wilson.nfc.common.ServerResponse<com.wilson.nfc.model.User>(true)
Caching aspect applied for cache modelDependencies with key com.wilson.nfc.common.ServerResponse<com.wilson.nfc.model.User>(true)
Cache key generated: com.wilson.nfc.model.User(true)
Caching aspect applied for cache modelProperties with key com.wilson.nfc.model.User(true)
Cache key generated: /user/login.com.wilson.nfc.controller.portal.UserController.login.DefaultGenericTypeNamingStrategy
Caching aspect applied for cache operations with key /user/login.com.wilson.nfc.controller.portal.UserController.login.DefaultGenericTypeNamingStrategy
Group for method login was user-controller
Group for method login was user-controller
Starting ProtocolHandler ["http-nio-8080"]
Using a shared selector for servlet write/read
Tomcat started on port(s): 8080 (http) with context path ''
Started NfcJavaApplication in 9.264 seconds (JVM running for 10.845)
Initializing Spring FrameworkServlet 'dispatcherServlet'
FrameworkServlet 'dispatcherServlet': initialization started
FrameworkServlet 'dispatcherServlet': initialization completed in 41 ms
Closing org.springframework.boot.web.servlet.context.AnnotationConfigServletWebServerApplicationContext@353d0772: startup date [Fri Jun 22 13:45:33 CST 2018]; root of context hierarchy
Unregistering JMX-exposed beans on shutdown
Unregistering JMX-exposed beans
Starting NfcJavaApplication on wilson.local with PID 13157 (/Users/yangxuewu/CodingDemo/nfc/nfc_java/target/classes started by yangxuewu in /Users/yangxuewu/CodingDemo/nfc/nfc_java)
No active profile set, falling back to default profiles: default
Refreshing org.springframework.boot.web.servlet.context.AnnotationConfigServletWebServerApplicationContext@57c758ac: startup date [Fri Jun 22 13:48:01 CST 2018]; root of context hierarchy
Bean 'org.springframework.transaction.annotation.ProxyTransactionManagementConfiguration' of type [org.springframework.transaction.annotation.ProxyTransactionManagementConfiguration$$EnhancerBySpringCGLIB$$574c06fb] is not eligible for getting processed by all BeanPostProcessors (for example: not eligible for auto-proxying)
Tomcat initialized with port(s): 8080 (http)
Initializing ProtocolHandler ["http-nio-8080"]
Starting service [Tomcat]
Starting Servlet Engine: Apache Tomcat/8.5.31
The APR based Apache Tomcat Native library which allows optimal performance in production environments was not found on the java.library.path: [/Users/yangxuewu/Library/Java/Extensions:/Library/Java/Extensions:/Network/Library/Java/Extensions:/System/Library/Java/Extensions:/usr/lib/java:.]
Initializing Spring embedded WebApplicationContext
Root WebApplicationContext: initialization completed in 4682 ms
Servlet dispatcherServlet mapped to [/]
Mapping filter: 'characterEncodingFilter' to: [/*]
Mapping filter: 'hiddenHttpMethodFilter' to: [/*]
Mapping filter: 'httpPutFormContentFilter' to: [/*]
Mapping filter: 'requestContextFilter' to: [/*]
加载：MyBatis分页插件PageHelper
Mapped "{[/api/categoryId],methods=[GET]}" onto public com.github.pagehelper.PageInfo com.wilson.nfc.controller.portal.ProductController.ProductList(java.lang.Integer,java.lang.Integer,java.lang.Integer)
Mapped "{[/user/login],methods=[POST]}" onto public com.wilson.nfc.common.ServerResponse<com.wilson.nfc.model.User> com.wilson.nfc.controller.portal.UserController.login(java.lang.String,java.lang.String)
Mapped "{[/user/id],methods=[GET]}" onto public com.wilson.nfc.common.ServerResponse<com.wilson.nfc.model.User> com.wilson.nfc.controller.portal.UserController.findUserById(java.lang.Integer)
Mapped "{[/v2/api-docs],methods=[GET]}" onto public org.springframework.http.ResponseEntity<springfox.documentation.spring.web.json.Json> springfox.documentation.swagger2.web.Swagger2Controller.getDocumentation(java.lang.String)
Mapped "{[/configuration/security]}" onto org.springframework.http.ResponseEntity<springfox.documentation.swagger.web.SecurityConfiguration> springfox.documentation.swagger.web.ApiResourceController.securityConfiguration()
Mapped "{[/configuration/ui]}" onto org.springframework.http.ResponseEntity<springfox.documentation.swagger.web.UiConfiguration> springfox.documentation.swagger.web.ApiResourceController.uiConfiguration()
Mapped "{[/swagger-resources]}" onto org.springframework.http.ResponseEntity<java.util.List<springfox.documentation.swagger.web.SwaggerResource>> springfox.documentation.swagger.web.ApiResourceController.swaggerResources()
Mapped "{[/error]}" onto public org.springframework.http.ResponseEntity<java.util.Map<java.lang.String, java.lang.Object>> org.springframework.boot.autoconfigure.web.servlet.error.BasicErrorController.error(javax.servlet.http.HttpServletRequest)
Mapped "{[/error],produces=[text/html]}" onto public org.springframework.web.servlet.ModelAndView org.springframework.boot.autoconfigure.web.servlet.error.BasicErrorController.errorHtml(javax.servlet.http.HttpServletRequest,javax.servlet.http.HttpServletResponse)
Mapped URL path [/**/favicon.ico] onto handler of type [class org.springframework.web.servlet.resource.ResourceHttpRequestHandler]
Looking for @ControllerAdvice: org.springframework.boot.web.servlet.context.AnnotationConfigServletWebServerApplicationContext@57c758ac: startup date [Fri Jun 22 13:48:01 CST 2018]; root of context hierarchy
Mapped URL path [/webjars/**] onto handler of type [class org.springframework.web.servlet.resource.ResourceHttpRequestHandler]
Mapped URL path [/**] onto handler of type [class org.springframework.web.servlet.resource.ResourceHttpRequestHandler]
Registering beans for JMX exposure on startup
Bean with name 'dataSource' has been autodetected for JMX exposure
Located MBean 'dataSource': registering with JMX server as MBean [com.zaxxer.hikari:name=dataSource,type=HikariDataSource]
Context refreshed
Found {0} custom documentation plugin(s)
Scanning for api listing references
Group for method ProductList was product-controller
Request mapping: ProductList belongs to groups: [[ResourceGroup{groupName='product-controller', position=0, controller=com.wilson.nfc.controller.portal.ProductController}]]
Group for method findUserById was user-controller
Request mapping: findUserById belongs to groups: [[ResourceGroup{groupName='user-controller', position=0, controller=com.wilson.nfc.controller.portal.UserController}]]
Group for method login was user-controller
Request mapping: login belongs to groups: [[ResourceGroup{groupName='user-controller', position=0, controller=com.wilson.nfc.controller.portal.UserController}]]
Created resource listing Path: /default/product-controller Description: product-controller Position: 0
Created resource listing Path: /default/user-controller Description: user-controller Position: 0
Cache Key Generated: com.github.pagehelper.PageInfo(true)
Caching aspect applied for cache models with key com.github.pagehelper.PageInfo(true)
Cache key generated: com.github.pagehelper.PageInfo(true)
Caching aspect applied for cache modelProperties with key com.github.pagehelper.PageInfo(true)
Cache Key Generated: com.github.pagehelper.PageInfo(true)
Caching aspect applied for cache modelDependencies with key com.github.pagehelper.PageInfo(true)
Cache key generated: com.github.pagehelper.PageInfo(true)
Caching aspect applied for cache modelProperties with key com.github.pagehelper.PageInfo(true)
Cache key generated: /api/categoryId.com.wilson.nfc.controller.portal.ProductController.ProductList.DefaultGenericTypeNamingStrategy
Caching aspect applied for cache operations with key /api/categoryId.com.wilson.nfc.controller.portal.ProductController.ProductList.DefaultGenericTypeNamingStrategy
Group for method ProductList was product-controller
Group for method ProductList was product-controller
Cache Key Generated: com.wilson.nfc.common.ServerResponse<com.wilson.nfc.model.User>(true)
Caching aspect applied for cache models with key com.wilson.nfc.common.ServerResponse<com.wilson.nfc.model.User>(true)
Cache key generated: com.wilson.nfc.common.ServerResponse<com.wilson.nfc.model.User>(true)
Caching aspect applied for cache modelProperties with key com.wilson.nfc.common.ServerResponse<com.wilson.nfc.model.User>(true)
Cache Key Generated: com.wilson.nfc.common.ServerResponse<com.wilson.nfc.model.User>(true)
Caching aspect applied for cache modelDependencies with key com.wilson.nfc.common.ServerResponse<com.wilson.nfc.model.User>(true)
Cache key generated: com.wilson.nfc.model.User(true)
Caching aspect applied for cache modelProperties with key com.wilson.nfc.model.User(true)
Cache key generated: com.wilson.nfc.common.ServerResponse<com.wilson.nfc.model.User>(true)
Caching aspect applied for cache modelProperties with key com.wilson.nfc.common.ServerResponse<com.wilson.nfc.model.User>(true)
Cache key generated: com.wilson.nfc.model.User(true)
Caching aspect applied for cache modelProperties with key com.wilson.nfc.model.User(true)
Cache key generated: com.wilson.nfc.model.User(true)
Caching aspect applied for cache modelProperties with key com.wilson.nfc.model.User(true)
Cache key generated: /user/id.com.wilson.nfc.controller.portal.UserController.findUserById.DefaultGenericTypeNamingStrategy
Caching aspect applied for cache operations with key /user/id.com.wilson.nfc.controller.portal.UserController.findUserById.DefaultGenericTypeNamingStrategy
Group for method findUserById was user-controller
Group for method findUserById was user-controller
Cache Key Generated: com.wilson.nfc.common.ServerResponse<com.wilson.nfc.model.User>(true)
Caching aspect applied for cache models with key com.wilson.nfc.common.ServerResponse<com.wilson.nfc.model.User>(true)
Cache Key Generated: com.wilson.nfc.common.ServerResponse<com.wilson.nfc.model.User>(true)
Caching aspect applied for cache modelDependencies with key com.wilson.nfc.common.ServerResponse<com.wilson.nfc.model.User>(true)
Cache key generated: com.wilson.nfc.model.User(true)
Caching aspect applied for cache modelProperties with key com.wilson.nfc.model.User(true)
Cache key generated: /user/login.com.wilson.nfc.controller.portal.UserController.login.DefaultGenericTypeNamingStrategy
Caching aspect applied for cache operations with key /user/login.com.wilson.nfc.controller.portal.UserController.login.DefaultGenericTypeNamingStrategy
Group for method login was user-controller
Group for method login was user-controller
Starting ProtocolHandler ["http-nio-8080"]
Using a shared selector for servlet write/read
Tomcat started on port(s): 8080 (http) with context path ''
Started NfcJavaApplication in 9.679 seconds (JVM running for 10.459)
Initializing Spring FrameworkServlet 'dispatcherServlet'
FrameworkServlet 'dispatcherServlet': initialization started
FrameworkServlet 'dispatcherServlet': initialization completed in 27 ms
HikariPool-1 - Starting...
HikariPool-1 - Starting...
HikariPool-1 - Starting...
HikariPool-1 - Start completed.
Closing org.springframework.boot.web.servlet.context.AnnotationConfigServletWebServerApplicationContext@57c758ac: startup date [Fri Jun 22 13:48:01 CST 2018]; root of context hierarchy
Unregistering JMX-exposed beans on shutdown
Unregistering JMX-exposed beans
HikariPool-1 - Shutdown initiated...
HikariPool-1 - Shutdown completed.
Starting NfcJavaApplication on wilson.local with PID 13451 (/Users/yangxuewu/CodingDemo/nfc/nfc_java/target/classes started by yangxuewu in /Users/yangxuewu/CodingDemo/nfc/nfc_java)
No active profile set, falling back to default profiles: default
Refreshing org.springframework.boot.web.servlet.context.AnnotationConfigServletWebServerApplicationContext@57c758ac: startup date [Fri Jun 22 13:55:13 CST 2018]; root of context hierarchy
Bean 'org.springframework.transaction.annotation.ProxyTransactionManagementConfiguration' of type [org.springframework.transaction.annotation.ProxyTransactionManagementConfiguration$$EnhancerBySpringCGLIB$$927e8aa3] is not eligible for getting processed by all BeanPostProcessors (for example: not eligible for auto-proxying)
Tomcat initialized with port(s): 8080 (http)
Initializing ProtocolHandler ["http-nio-8080"]
Starting service [Tomcat]
Starting Servlet Engine: Apache Tomcat/8.5.31
The APR based Apache Tomcat Native library which allows optimal performance in production environments was not found on the java.library.path: [/Users/yangxuewu/Library/Java/Extensions:/Library/Java/Extensions:/Network/Library/Java/Extensions:/System/Library/Java/Extensions:/usr/lib/java:.]
Initializing Spring embedded WebApplicationContext
Root WebApplicationContext: initialization completed in 4760 ms
Servlet dispatcherServlet mapped to [/]
Mapping filter: 'characterEncodingFilter' to: [/*]
Mapping filter: 'hiddenHttpMethodFilter' to: [/*]
Mapping filter: 'httpPutFormContentFilter' to: [/*]
Mapping filter: 'requestContextFilter' to: [/*]
加载：MyBatis分页插件PageHelper
Mapped "{[/api/categoryId],methods=[GET]}" onto public com.github.pagehelper.PageInfo com.wilson.nfc.controller.portal.ProductController.ProductList(java.lang.Integer,java.lang.Integer,java.lang.Integer)
Mapped "{[/user/login],methods=[POST]}" onto public com.wilson.nfc.common.ServerResponse<com.wilson.nfc.model.User> com.wilson.nfc.controller.portal.UserController.login(java.lang.String,java.lang.String)
Mapped "{[/user/id],methods=[GET]}" onto public com.wilson.nfc.common.ServerResponse<com.wilson.nfc.model.User> com.wilson.nfc.controller.portal.UserController.findUserById(java.lang.Integer)
Mapped "{[/v2/api-docs],methods=[GET]}" onto public org.springframework.http.ResponseEntity<springfox.documentation.spring.web.json.Json> springfox.documentation.swagger2.web.Swagger2Controller.getDocumentation(java.lang.String)
Mapped "{[/configuration/security]}" onto org.springframework.http.ResponseEntity<springfox.documentation.swagger.web.SecurityConfiguration> springfox.documentation.swagger.web.ApiResourceController.securityConfiguration()
Mapped "{[/configuration/ui]}" onto org.springframework.http.ResponseEntity<springfox.documentation.swagger.web.UiConfiguration> springfox.documentation.swagger.web.ApiResourceController.uiConfiguration()
Mapped "{[/swagger-resources]}" onto org.springframework.http.ResponseEntity<java.util.List<springfox.documentation.swagger.web.SwaggerResource>> springfox.documentation.swagger.web.ApiResourceController.swaggerResources()
Mapped "{[/error]}" onto public org.springframework.http.ResponseEntity<java.util.Map<java.lang.String, java.lang.Object>> org.springframework.boot.autoconfigure.web.servlet.error.BasicErrorController.error(javax.servlet.http.HttpServletRequest)
Mapped "{[/error],produces=[text/html]}" onto public org.springframework.web.servlet.ModelAndView org.springframework.boot.autoconfigure.web.servlet.error.BasicErrorController.errorHtml(javax.servlet.http.HttpServletRequest,javax.servlet.http.HttpServletResponse)
Mapped URL path [/**/favicon.ico] onto handler of type [class org.springframework.web.servlet.resource.ResourceHttpRequestHandler]
Looking for @ControllerAdvice: org.springframework.boot.web.servlet.context.AnnotationConfigServletWebServerApplicationContext@57c758ac: startup date [Fri Jun 22 13:55:13 CST 2018]; root of context hierarchy
Mapped URL path [/webjars/**] onto handler of type [class org.springframework.web.servlet.resource.ResourceHttpRequestHandler]
Mapped URL path [/**] onto handler of type [class org.springframework.web.servlet.resource.ResourceHttpRequestHandler]
Registering beans for JMX exposure on startup
Bean with name 'dataSource' has been autodetected for JMX exposure
Located MBean 'dataSource': registering with JMX server as MBean [com.zaxxer.hikari:name=dataSource,type=HikariDataSource]
Context refreshed
Found {0} custom documentation plugin(s)
Scanning for api listing references
Group for method ProductList was product-controller
Request mapping: ProductList belongs to groups: [[ResourceGroup{groupName='product-controller', position=0, controller=com.wilson.nfc.controller.portal.ProductController}]]
Group for method findUserById was user-controller
Request mapping: findUserById belongs to groups: [[ResourceGroup{groupName='user-controller', position=0, controller=com.wilson.nfc.controller.portal.UserController}]]
Group for method login was user-controller
Request mapping: login belongs to groups: [[ResourceGroup{groupName='user-controller', position=0, controller=com.wilson.nfc.controller.portal.UserController}]]
Created resource listing Path: /default/product-controller Description: product-controller Position: 0
Created resource listing Path: /default/user-controller Description: user-controller Position: 0
Cache Key Generated: com.github.pagehelper.PageInfo(true)
Caching aspect applied for cache models with key com.github.pagehelper.PageInfo(true)
Cache key generated: com.github.pagehelper.PageInfo(true)
Caching aspect applied for cache modelProperties with key com.github.pagehelper.PageInfo(true)
Cache Key Generated: com.github.pagehelper.PageInfo(true)
Caching aspect applied for cache modelDependencies with key com.github.pagehelper.PageInfo(true)
Cache key generated: com.github.pagehelper.PageInfo(true)
Caching aspect applied for cache modelProperties with key com.github.pagehelper.PageInfo(true)
Cache key generated: /api/categoryId.com.wilson.nfc.controller.portal.ProductController.ProductList.DefaultGenericTypeNamingStrategy
Caching aspect applied for cache operations with key /api/categoryId.com.wilson.nfc.controller.portal.ProductController.ProductList.DefaultGenericTypeNamingStrategy
Group for method ProductList was product-controller
Group for method ProductList was product-controller
Cache Key Generated: com.wilson.nfc.common.ServerResponse<com.wilson.nfc.model.User>(true)
Caching aspect applied for cache models with key com.wilson.nfc.common.ServerResponse<com.wilson.nfc.model.User>(true)
Cache key generated: com.wilson.nfc.common.ServerResponse<com.wilson.nfc.model.User>(true)
Caching aspect applied for cache modelProperties with key com.wilson.nfc.common.ServerResponse<com.wilson.nfc.model.User>(true)
Cache Key Generated: com.wilson.nfc.common.ServerResponse<com.wilson.nfc.model.User>(true)
Caching aspect applied for cache modelDependencies with key com.wilson.nfc.common.ServerResponse<com.wilson.nfc.model.User>(true)
Cache key generated: com.wilson.nfc.model.User(true)
Caching aspect applied for cache modelProperties with key com.wilson.nfc.model.User(true)
Cache key generated: com.wilson.nfc.common.ServerResponse<com.wilson.nfc.model.User>(true)
Caching aspect applied for cache modelProperties with key com.wilson.nfc.common.ServerResponse<com.wilson.nfc.model.User>(true)
Cache key generated: com.wilson.nfc.model.User(true)
Caching aspect applied for cache modelProperties with key com.wilson.nfc.model.User(true)
Cache key generated: com.wilson.nfc.model.User(true)
Caching aspect applied for cache modelProperties with key com.wilson.nfc.model.User(true)
Cache key generated: /user/id.com.wilson.nfc.controller.portal.UserController.findUserById.DefaultGenericTypeNamingStrategy
Caching aspect applied for cache operations with key /user/id.com.wilson.nfc.controller.portal.UserController.findUserById.DefaultGenericTypeNamingStrategy
Group for method findUserById was user-controller
Group for method findUserById was user-controller
Cache Key Generated: com.wilson.nfc.common.ServerResponse<com.wilson.nfc.model.User>(true)
Caching aspect applied for cache models with key com.wilson.nfc.common.ServerResponse<com.wilson.nfc.model.User>(true)
Cache Key Generated: com.wilson.nfc.common.ServerResponse<com.wilson.nfc.model.User>(true)
Caching aspect applied for cache modelDependencies with key com.wilson.nfc.common.ServerResponse<com.wilson.nfc.model.User>(true)
Cache key generated: com.wilson.nfc.model.User(true)
Caching aspect applied for cache modelProperties with key com.wilson.nfc.model.User(true)
Cache key generated: /user/login.com.wilson.nfc.controller.portal.UserController.login.DefaultGenericTypeNamingStrategy
Caching aspect applied for cache operations with key /user/login.com.wilson.nfc.controller.portal.UserController.login.DefaultGenericTypeNamingStrategy
Group for method login was user-controller
Group for method login was user-controller
Starting ProtocolHandler ["http-nio-8080"]
Pausing ProtocolHandler ["http-nio-8080"]
Stopping service [Tomcat]
The stop() method was called on component [StandardServer[-1]] after stop() had already been called. The second call will be ignored.
Stopping ProtocolHandler ["http-nio-8080"]
Destroying ProtocolHandler ["http-nio-8080"]


Error starting ApplicationContext. To display the conditions report re-run your application with 'debug' enabled.
Closing org.springframework.boot.web.servlet.context.AnnotationConfigServletWebServerApplicationContext@57c758ac: startup date [Fri Jun 22 13:55:13 CST 2018]; root of context hierarchy
Unregistering JMX-exposed beans on shutdown
Unregistering JMX-exposed beans
Starting NfcJavaApplication on wilson.local with PID 14878 (/Users/yangxuewu/CodingDemo/nfc/nfc_java/target/classes started by yangxuewu in /Users/yangxuewu/CodingDemo/nfc/nfc_java)
No active profile set, falling back to default profiles: default
Refreshing org.springframework.boot.web.servlet.context.AnnotationConfigServletWebServerApplicationContext@67a20f67: startup date [Fri Jun 22 14:38:37 CST 2018]; root of context hierarchy
Bean 'org.springframework.transaction.annotation.ProxyTransactionManagementConfiguration' of type [org.springframework.transaction.annotation.ProxyTransactionManagementConfiguration$$EnhancerBySpringCGLIB$$f0d6e37f] is not eligible for getting processed by all BeanPostProcessors (for example: not eligible for auto-proxying)
Tomcat initialized with port(s): 8080 (http)
Initializing ProtocolHandler ["http-nio-8080"]
Starting service [Tomcat]
Starting Servlet Engine: Apache Tomcat/8.5.31
The APR based Apache Tomcat Native library which allows optimal performance in production environments was not found on the java.library.path: [/Users/yangxuewu/Library/Java/Extensions:/Library/Java/Extensions:/Network/Library/Java/Extensions:/System/Library/Java/Extensions:/usr/lib/java:.]
Initializing Spring embedded WebApplicationContext
Root WebApplicationContext: initialization completed in 3859 ms
Servlet dispatcherServlet mapped to [/]
Mapping filter: 'characterEncodingFilter' to: [/*]
Mapping filter: 'hiddenHttpMethodFilter' to: [/*]
Mapping filter: 'httpPutFormContentFilter' to: [/*]
Mapping filter: 'requestContextFilter' to: [/*]
加载：MyBatis分页插件PageHelper
Mapped "{[/api/categoryId],methods=[GET]}" onto public com.github.pagehelper.PageInfo com.wilson.nfc.controller.portal.ProductController.ProductList(java.lang.Integer,java.lang.Integer,java.lang.Integer)
Mapped "{[/user/login],methods=[POST]}" onto public com.wilson.nfc.common.ServerResponse<com.wilson.nfc.model.User> com.wilson.nfc.controller.portal.UserController.login(java.lang.String,java.lang.String)
Mapped "{[/user/{id}],methods=[GET]}" onto public com.wilson.nfc.common.ServerResponse<com.wilson.nfc.model.User> com.wilson.nfc.controller.portal.UserController.findUserById(java.lang.Integer)
Mapped "{[/v2/api-docs],methods=[GET]}" onto public org.springframework.http.ResponseEntity<springfox.documentation.spring.web.json.Json> springfox.documentation.swagger2.web.Swagger2Controller.getDocumentation(java.lang.String)
Mapped "{[/configuration/security]}" onto org.springframework.http.ResponseEntity<springfox.documentation.swagger.web.SecurityConfiguration> springfox.documentation.swagger.web.ApiResourceController.securityConfiguration()
Mapped "{[/configuration/ui]}" onto org.springframework.http.ResponseEntity<springfox.documentation.swagger.web.UiConfiguration> springfox.documentation.swagger.web.ApiResourceController.uiConfiguration()
Mapped "{[/swagger-resources]}" onto org.springframework.http.ResponseEntity<java.util.List<springfox.documentation.swagger.web.SwaggerResource>> springfox.documentation.swagger.web.ApiResourceController.swaggerResources()
Mapped "{[/error]}" onto public org.springframework.http.ResponseEntity<java.util.Map<java.lang.String, java.lang.Object>> org.springframework.boot.autoconfigure.web.servlet.error.BasicErrorController.error(javax.servlet.http.HttpServletRequest)
Mapped "{[/error],produces=[text/html]}" onto public org.springframework.web.servlet.ModelAndView org.springframework.boot.autoconfigure.web.servlet.error.BasicErrorController.errorHtml(javax.servlet.http.HttpServletRequest,javax.servlet.http.HttpServletResponse)
Mapped URL path [/**/favicon.ico] onto handler of type [class org.springframework.web.servlet.resource.ResourceHttpRequestHandler]
Looking for @ControllerAdvice: org.springframework.boot.web.servlet.context.AnnotationConfigServletWebServerApplicationContext@67a20f67: startup date [Fri Jun 22 14:38:37 CST 2018]; root of context hierarchy
Mapped URL path [/webjars/**] onto handler of type [class org.springframework.web.servlet.resource.ResourceHttpRequestHandler]
Mapped URL path [/**] onto handler of type [class org.springframework.web.servlet.resource.ResourceHttpRequestHandler]
Registering beans for JMX exposure on startup
Bean with name 'dataSource' has been autodetected for JMX exposure
Located MBean 'dataSource': registering with JMX server as MBean [com.zaxxer.hikari:name=dataSource,type=HikariDataSource]
Context refreshed
Found {0} custom documentation plugin(s)
Scanning for api listing references
Group for method ProductList was product-controller
Request mapping: ProductList belongs to groups: [[ResourceGroup{groupName='product-controller', position=0, controller=com.wilson.nfc.controller.portal.ProductController}]]
Group for method login was user-controller
Request mapping: login belongs to groups: [[ResourceGroup{groupName='user-controller', position=0, controller=com.wilson.nfc.controller.portal.UserController}]]
Group for method findUserById was user-controller
Request mapping: findUserById belongs to groups: [[ResourceGroup{groupName='user-controller', position=0, controller=com.wilson.nfc.controller.portal.UserController}]]
Created resource listing Path: /default/product-controller Description: product-controller Position: 0
Created resource listing Path: /default/user-controller Description: user-controller Position: 0
Cache Key Generated: com.github.pagehelper.PageInfo(true)
Caching aspect applied for cache models with key com.github.pagehelper.PageInfo(true)
Cache key generated: com.github.pagehelper.PageInfo(true)
Caching aspect applied for cache modelProperties with key com.github.pagehelper.PageInfo(true)
Cache Key Generated: com.github.pagehelper.PageInfo(true)
Caching aspect applied for cache modelDependencies with key com.github.pagehelper.PageInfo(true)
Cache key generated: com.github.pagehelper.PageInfo(true)
Caching aspect applied for cache modelProperties with key com.github.pagehelper.PageInfo(true)
Cache key generated: /api/categoryId.com.wilson.nfc.controller.portal.ProductController.ProductList.DefaultGenericTypeNamingStrategy
Caching aspect applied for cache operations with key /api/categoryId.com.wilson.nfc.controller.portal.ProductController.ProductList.DefaultGenericTypeNamingStrategy
Group for method ProductList was product-controller
Group for method ProductList was product-controller
Cache Key Generated: com.wilson.nfc.common.ServerResponse<com.wilson.nfc.model.User>(true)
Caching aspect applied for cache models with key com.wilson.nfc.common.ServerResponse<com.wilson.nfc.model.User>(true)
Cache key generated: com.wilson.nfc.common.ServerResponse<com.wilson.nfc.model.User>(true)
Caching aspect applied for cache modelProperties with key com.wilson.nfc.common.ServerResponse<com.wilson.nfc.model.User>(true)
Cache Key Generated: com.wilson.nfc.common.ServerResponse<com.wilson.nfc.model.User>(true)
Caching aspect applied for cache modelDependencies with key com.wilson.nfc.common.ServerResponse<com.wilson.nfc.model.User>(true)
Cache key generated: com.wilson.nfc.model.User(true)
Caching aspect applied for cache modelProperties with key com.wilson.nfc.model.User(true)
Cache key generated: com.wilson.nfc.common.ServerResponse<com.wilson.nfc.model.User>(true)
Caching aspect applied for cache modelProperties with key com.wilson.nfc.common.ServerResponse<com.wilson.nfc.model.User>(true)
Cache key generated: com.wilson.nfc.model.User(true)
Caching aspect applied for cache modelProperties with key com.wilson.nfc.model.User(true)
Cache key generated: com.wilson.nfc.model.User(true)
Caching aspect applied for cache modelProperties with key com.wilson.nfc.model.User(true)
Cache key generated: /user/{id}.com.wilson.nfc.controller.portal.UserController.findUserById.DefaultGenericTypeNamingStrategy
Caching aspect applied for cache operations with key /user/{id}.com.wilson.nfc.controller.portal.UserController.findUserById.DefaultGenericTypeNamingStrategy
Group for method findUserById was user-controller
Group for method findUserById was user-controller
Cache Key Generated: com.wilson.nfc.common.ServerResponse<com.wilson.nfc.model.User>(true)
Caching aspect applied for cache models with key com.wilson.nfc.common.ServerResponse<com.wilson.nfc.model.User>(true)
Cache Key Generated: com.wilson.nfc.common.ServerResponse<com.wilson.nfc.model.User>(true)
Caching aspect applied for cache modelDependencies with key com.wilson.nfc.common.ServerResponse<com.wilson.nfc.model.User>(true)
Cache key generated: com.wilson.nfc.model.User(true)
Caching aspect applied for cache modelProperties with key com.wilson.nfc.model.User(true)
Cache key generated: /user/login.com.wilson.nfc.controller.portal.UserController.login.DefaultGenericTypeNamingStrategy
Caching aspect applied for cache operations with key /user/login.com.wilson.nfc.controller.portal.UserController.login.DefaultGenericTypeNamingStrategy
Group for method login was user-controller
Group for method login was user-controller
Starting ProtocolHandler ["http-nio-8080"]
Using a shared selector for servlet write/read
Tomcat started on port(s): 8080 (http) with context path ''
Started NfcJavaApplication in 8.592 seconds (JVM running for 9.512)
Initializing Spring FrameworkServlet 'dispatcherServlet'
FrameworkServlet 'dispatcherServlet': initialization started
FrameworkServlet 'dispatcherServlet': initialization completed in 61 ms
HikariPool-1 - Starting...
HikariPool-1 - Start completed.
Closing org.springframework.boot.web.servlet.context.AnnotationConfigServletWebServerApplicationContext@67a20f67: startup date [Fri Jun 22 14:38:37 CST 2018]; root of context hierarchy
Unregistering JMX-exposed beans on shutdown
Unregistering JMX-exposed beans
HikariPool-1 - Shutdown initiated...
HikariPool-1 - Shutdown completed.
Starting NfcJavaApplication on wilson.local with PID 15966 (/Users/yangxuewu/CodingDemo/nfc/nfc_java/target/classes started by yangxuewu in /Users/yangxuewu/CodingDemo/nfc/nfc_java)
No active profile set, falling back to default profiles: default
Refreshing org.springframework.boot.web.servlet.context.AnnotationConfigServletWebServerApplicationContext@2667f029: startup date [Fri Jun 22 15:25:03 CST 2018]; root of context hierarchy
Bean 'org.springframework.transaction.annotation.ProxyTransactionManagementConfiguration' of type [org.springframework.transaction.annotation.ProxyTransactionManagementConfiguration$$EnhancerBySpringCGLIB$$5560d36c] is not eligible for getting processed by all BeanPostProcessors (for example: not eligible for auto-proxying)
Tomcat initialized with port(s): 8080 (http)
Initializing ProtocolHandler ["http-nio-8080"]
Starting service [Tomcat]
Starting Servlet Engine: Apache Tomcat/8.5.31
The APR based Apache Tomcat Native library which allows optimal performance in production environments was not found on the java.library.path: [/Users/yangxuewu/Library/Java/Extensions:/Library/Java/Extensions:/Network/Library/Java/Extensions:/System/Library/Java/Extensions:/usr/lib/java:.]
Initializing Spring embedded WebApplicationContext
Root WebApplicationContext: initialization completed in 3402 ms
Servlet dispatcherServlet mapped to [/]
Mapping filter: 'characterEncodingFilter' to: [/*]
Mapping filter: 'hiddenHttpMethodFilter' to: [/*]
Mapping filter: 'httpPutFormContentFilter' to: [/*]
Mapping filter: 'requestContextFilter' to: [/*]
加载：MyBatis分页插件PageHelper
Mapped "{[/api/categoryId],methods=[GET]}" onto public com.github.pagehelper.PageInfo com.wilson.nfc.controller.portal.ProductController.ProductList(java.lang.Integer,java.lang.Integer,java.lang.Integer)
Mapped "{[/user/login],methods=[POST]}" onto public com.wilson.nfc.common.ServerResponse<com.wilson.nfc.model.User> com.wilson.nfc.controller.portal.UserController.login(com.wilson.nfc.model.LoginModel)
Mapped "{[/user/{id}],methods=[GET]}" onto public com.wilson.nfc.common.ServerResponse<com.wilson.nfc.model.User> com.wilson.nfc.controller.portal.UserController.findUserById(java.lang.Integer)
Mapped "{[/v2/api-docs],methods=[GET]}" onto public org.springframework.http.ResponseEntity<springfox.documentation.spring.web.json.Json> springfox.documentation.swagger2.web.Swagger2Controller.getDocumentation(java.lang.String)
Mapped "{[/configuration/security]}" onto org.springframework.http.ResponseEntity<springfox.documentation.swagger.web.SecurityConfiguration> springfox.documentation.swagger.web.ApiResourceController.securityConfiguration()
Mapped "{[/configuration/ui]}" onto org.springframework.http.ResponseEntity<springfox.documentation.swagger.web.UiConfiguration> springfox.documentation.swagger.web.ApiResourceController.uiConfiguration()
Mapped "{[/swagger-resources]}" onto org.springframework.http.ResponseEntity<java.util.List<springfox.documentation.swagger.web.SwaggerResource>> springfox.documentation.swagger.web.ApiResourceController.swaggerResources()
Mapped "{[/error]}" onto public org.springframework.http.ResponseEntity<java.util.Map<java.lang.String, java.lang.Object>> org.springframework.boot.autoconfigure.web.servlet.error.BasicErrorController.error(javax.servlet.http.HttpServletRequest)
Mapped "{[/error],produces=[text/html]}" onto public org.springframework.web.servlet.ModelAndView org.springframework.boot.autoconfigure.web.servlet.error.BasicErrorController.errorHtml(javax.servlet.http.HttpServletRequest,javax.servlet.http.HttpServletResponse)
Mapped URL path [/**/favicon.ico] onto handler of type [class org.springframework.web.servlet.resource.ResourceHttpRequestHandler]
Looking for @ControllerAdvice: org.springframework.boot.web.servlet.context.AnnotationConfigServletWebServerApplicationContext@2667f029: startup date [Fri Jun 22 15:25:03 CST 2018]; root of context hierarchy
Mapped URL path [/webjars/**] onto handler of type [class org.springframework.web.servlet.resource.ResourceHttpRequestHandler]
Mapped URL path [/**] onto handler of type [class org.springframework.web.servlet.resource.ResourceHttpRequestHandler]
Registering beans for JMX exposure on startup
Bean with name 'dataSource' has been autodetected for JMX exposure
Located MBean 'dataSource': registering with JMX server as MBean [com.zaxxer.hikari:name=dataSource,type=HikariDataSource]
Context refreshed
Found {0} custom documentation plugin(s)
Scanning for api listing references
Group for method ProductList was product-controller
Request mapping: ProductList belongs to groups: [[ResourceGroup{groupName='product-controller', position=0, controller=com.wilson.nfc.controller.portal.ProductController}]]
Group for method login was user-controller
Request mapping: login belongs to groups: [[ResourceGroup{groupName='user-controller', position=0, controller=com.wilson.nfc.controller.portal.UserController}]]
Group for method findUserById was user-controller
Request mapping: findUserById belongs to groups: [[ResourceGroup{groupName='user-controller', position=0, controller=com.wilson.nfc.controller.portal.UserController}]]
Created resource listing Path: /default/product-controller Description: product-controller Position: 0
Created resource listing Path: /default/user-controller Description: user-controller Position: 0
Cache Key Generated: com.github.pagehelper.PageInfo(true)
Caching aspect applied for cache models with key com.github.pagehelper.PageInfo(true)
Cache key generated: com.github.pagehelper.PageInfo(true)
Caching aspect applied for cache modelProperties with key com.github.pagehelper.PageInfo(true)
Cache Key Generated: com.github.pagehelper.PageInfo(true)
Caching aspect applied for cache modelDependencies with key com.github.pagehelper.PageInfo(true)
Cache key generated: com.github.pagehelper.PageInfo(true)
Caching aspect applied for cache modelProperties with key com.github.pagehelper.PageInfo(true)
Cache key generated: /api/categoryId.com.wilson.nfc.controller.portal.ProductController.ProductList.DefaultGenericTypeNamingStrategy
Caching aspect applied for cache operations with key /api/categoryId.com.wilson.nfc.controller.portal.ProductController.ProductList.DefaultGenericTypeNamingStrategy
Group for method ProductList was product-controller
Group for method ProductList was product-controller
Cache Key Generated: com.wilson.nfc.common.ServerResponse<com.wilson.nfc.model.User>(true)
Caching aspect applied for cache models with key com.wilson.nfc.common.ServerResponse<com.wilson.nfc.model.User>(true)
Cache key generated: com.wilson.nfc.common.ServerResponse<com.wilson.nfc.model.User>(true)
Caching aspect applied for cache modelProperties with key com.wilson.nfc.common.ServerResponse<com.wilson.nfc.model.User>(true)
Cache Key Generated: com.wilson.nfc.common.ServerResponse<com.wilson.nfc.model.User>(true)
Caching aspect applied for cache modelDependencies with key com.wilson.nfc.common.ServerResponse<com.wilson.nfc.model.User>(true)
Cache key generated: com.wilson.nfc.model.User(true)
Caching aspect applied for cache modelProperties with key com.wilson.nfc.model.User(true)
Cache key generated: com.wilson.nfc.common.ServerResponse<com.wilson.nfc.model.User>(true)
Caching aspect applied for cache modelProperties with key com.wilson.nfc.common.ServerResponse<com.wilson.nfc.model.User>(true)
Cache key generated: com.wilson.nfc.model.User(true)
Caching aspect applied for cache modelProperties with key com.wilson.nfc.model.User(true)
Cache key generated: com.wilson.nfc.model.User(true)
Caching aspect applied for cache modelProperties with key com.wilson.nfc.model.User(true)
Cache key generated: /user/{id}.com.wilson.nfc.controller.portal.UserController.findUserById.DefaultGenericTypeNamingStrategy
Caching aspect applied for cache operations with key /user/{id}.com.wilson.nfc.controller.portal.UserController.findUserById.DefaultGenericTypeNamingStrategy
Group for method findUserById was user-controller
Group for method findUserById was user-controller
Cache Key Generated: com.wilson.nfc.common.ServerResponse<com.wilson.nfc.model.User>(true)
Caching aspect applied for cache models with key com.wilson.nfc.common.ServerResponse<com.wilson.nfc.model.User>(true)
Cache Key Generated: com.wilson.nfc.common.ServerResponse<com.wilson.nfc.model.User>(true)
Caching aspect applied for cache modelDependencies with key com.wilson.nfc.common.ServerResponse<com.wilson.nfc.model.User>(true)
Cache key generated: com.wilson.nfc.model.User(true)
Caching aspect applied for cache modelProperties with key com.wilson.nfc.model.User(true)
Cache Key Generated: com.wilson.nfc.model.LoginModel(false)
Caching aspect applied for cache models with key com.wilson.nfc.model.LoginModel(false)
Cache key generated: com.wilson.nfc.model.LoginModel(false)
Caching aspect applied for cache modelProperties with key com.wilson.nfc.model.LoginModel(false)
Cache Key Generated: com.wilson.nfc.model.LoginModel(false)
Caching aspect applied for cache modelDependencies with key com.wilson.nfc.model.LoginModel(false)
Cache key generated: com.wilson.nfc.model.LoginModel(false)
Caching aspect applied for cache modelProperties with key com.wilson.nfc.model.LoginModel(false)
Cache key generated: /user/login.com.wilson.nfc.controller.portal.UserController.login.DefaultGenericTypeNamingStrategy
Caching aspect applied for cache operations with key /user/login.com.wilson.nfc.controller.portal.UserController.login.DefaultGenericTypeNamingStrategy
Group for method login was user-controller
Group for method login was user-controller
Starting ProtocolHandler ["http-nio-8080"]
Using a shared selector for servlet write/read
Tomcat started on port(s): 8080 (http) with context path ''
Started NfcJavaApplication in 7.819 seconds (JVM running for 8.766)
Initializing Spring FrameworkServlet 'dispatcherServlet'
FrameworkServlet 'dispatcherServlet': initialization started
FrameworkServlet 'dispatcherServlet': initialization completed in 29 ms
Closing org.springframework.boot.web.servlet.context.AnnotationConfigServletWebServerApplicationContext@2667f029: startup date [Fri Jun 22 15:25:03 CST 2018]; root of context hierarchy
Unregistering JMX-exposed beans on shutdown
Unregistering JMX-exposed beans
Starting NfcJavaApplication on wilson.local with PID 16029 (/Users/yangxuewu/CodingDemo/nfc/nfc_java/target/classes started by yangxuewu in /Users/yangxuewu/CodingDemo/nfc/nfc_java)
No active profile set, falling back to default profiles: default
Refreshing org.springframework.boot.web.servlet.context.AnnotationConfigServletWebServerApplicationContext@67a20f67: startup date [Fri Jun 22 15:27:17 CST 2018]; root of context hierarchy
Bean 'org.springframework.transaction.annotation.ProxyTransactionManagementConfiguration' of type [org.springframework.transaction.annotation.ProxyTransactionManagementConfiguration$$EnhancerBySpringCGLIB$$f0d6e37f] is not eligible for getting processed by all BeanPostProcessors (for example: not eligible for auto-proxying)
Tomcat initialized with port(s): 8080 (http)
Initializing ProtocolHandler ["http-nio-8080"]
Starting service [Tomcat]
Starting Servlet Engine: Apache Tomcat/8.5.31
The APR based Apache Tomcat Native library which allows optimal performance in production environments was not found on the java.library.path: [/Users/yangxuewu/Library/Java/Extensions:/Library/Java/Extensions:/Network/Library/Java/Extensions:/System/Library/Java/Extensions:/usr/lib/java:.]
Initializing Spring embedded WebApplicationContext
Root WebApplicationContext: initialization completed in 4040 ms
Servlet dispatcherServlet mapped to [/]
Mapping filter: 'characterEncodingFilter' to: [/*]
Mapping filter: 'hiddenHttpMethodFilter' to: [/*]
Mapping filter: 'httpPutFormContentFilter' to: [/*]
Mapping filter: 'requestContextFilter' to: [/*]
加载：MyBatis分页插件PageHelper
Mapped "{[/api/categoryId],methods=[GET]}" onto public com.github.pagehelper.PageInfo com.wilson.nfc.controller.portal.ProductController.ProductList(java.lang.Integer,java.lang.Integer,java.lang.Integer)
Mapped "{[/user/login],methods=[POST]}" onto public com.wilson.nfc.common.ServerResponse<com.wilson.nfc.model.User> com.wilson.nfc.controller.portal.UserController.login(com.wilson.nfc.model.LoginModel)
Mapped "{[/user/{id}],methods=[GET]}" onto public com.wilson.nfc.common.ServerResponse<com.wilson.nfc.model.User> com.wilson.nfc.controller.portal.UserController.findUserById(java.lang.Integer)
Mapped "{[/v2/api-docs],methods=[GET]}" onto public org.springframework.http.ResponseEntity<springfox.documentation.spring.web.json.Json> springfox.documentation.swagger2.web.Swagger2Controller.getDocumentation(java.lang.String)
Mapped "{[/configuration/security]}" onto org.springframework.http.ResponseEntity<springfox.documentation.swagger.web.SecurityConfiguration> springfox.documentation.swagger.web.ApiResourceController.securityConfiguration()
Mapped "{[/configuration/ui]}" onto org.springframework.http.ResponseEntity<springfox.documentation.swagger.web.UiConfiguration> springfox.documentation.swagger.web.ApiResourceController.uiConfiguration()
Mapped "{[/swagger-resources]}" onto org.springframework.http.ResponseEntity<java.util.List<springfox.documentation.swagger.web.SwaggerResource>> springfox.documentation.swagger.web.ApiResourceController.swaggerResources()
Mapped "{[/error]}" onto public org.springframework.http.ResponseEntity<java.util.Map<java.lang.String, java.lang.Object>> org.springframework.boot.autoconfigure.web.servlet.error.BasicErrorController.error(javax.servlet.http.HttpServletRequest)
Mapped "{[/error],produces=[text/html]}" onto public org.springframework.web.servlet.ModelAndView org.springframework.boot.autoconfigure.web.servlet.error.BasicErrorController.errorHtml(javax.servlet.http.HttpServletRequest,javax.servlet.http.HttpServletResponse)
Mapped URL path [/**/favicon.ico] onto handler of type [class org.springframework.web.servlet.resource.ResourceHttpRequestHandler]
Looking for @ControllerAdvice: org.springframework.boot.web.servlet.context.AnnotationConfigServletWebServerApplicationContext@67a20f67: startup date [Fri Jun 22 15:27:17 CST 2018]; root of context hierarchy
Mapped URL path [/webjars/**] onto handler of type [class org.springframework.web.servlet.resource.ResourceHttpRequestHandler]
Mapped URL path [/**] onto handler of type [class org.springframework.web.servlet.resource.ResourceHttpRequestHandler]
Registering beans for JMX exposure on startup
Bean with name 'dataSource' has been autodetected for JMX exposure
Located MBean 'dataSource': registering with JMX server as MBean [com.zaxxer.hikari:name=dataSource,type=HikariDataSource]
Context refreshed
Found {0} custom documentation plugin(s)
Scanning for api listing references
Group for method ProductList was product-controller
Request mapping: ProductList belongs to groups: [[ResourceGroup{groupName='product-controller', position=0, controller=com.wilson.nfc.controller.portal.ProductController}]]
Group for method login was user-controller
Request mapping: login belongs to groups: [[ResourceGroup{groupName='user-controller', position=0, controller=com.wilson.nfc.controller.portal.UserController}]]
Group for method findUserById was user-controller
Request mapping: findUserById belongs to groups: [[ResourceGroup{groupName='user-controller', position=0, controller=com.wilson.nfc.controller.portal.UserController}]]
Created resource listing Path: /default/product-controller Description: product-controller Position: 0
Created resource listing Path: /default/user-controller Description: user-controller Position: 0
Cache Key Generated: com.github.pagehelper.PageInfo(true)
Caching aspect applied for cache models with key com.github.pagehelper.PageInfo(true)
Cache key generated: com.github.pagehelper.PageInfo(true)
Caching aspect applied for cache modelProperties with key com.github.pagehelper.PageInfo(true)
Cache Key Generated: com.github.pagehelper.PageInfo(true)
Caching aspect applied for cache modelDependencies with key com.github.pagehelper.PageInfo(true)
Cache key generated: com.github.pagehelper.PageInfo(true)
Caching aspect applied for cache modelProperties with key com.github.pagehelper.PageInfo(true)
Cache key generated: /api/categoryId.com.wilson.nfc.controller.portal.ProductController.ProductList.DefaultGenericTypeNamingStrategy
Caching aspect applied for cache operations with key /api/categoryId.com.wilson.nfc.controller.portal.ProductController.ProductList.DefaultGenericTypeNamingStrategy
Group for method ProductList was product-controller
Group for method ProductList was product-controller
Cache Key Generated: com.wilson.nfc.common.ServerResponse<com.wilson.nfc.model.User>(true)
Caching aspect applied for cache models with key com.wilson.nfc.common.ServerResponse<com.wilson.nfc.model.User>(true)
Cache key generated: com.wilson.nfc.common.ServerResponse<com.wilson.nfc.model.User>(true)
Caching aspect applied for cache modelProperties with key com.wilson.nfc.common.ServerResponse<com.wilson.nfc.model.User>(true)
Cache Key Generated: com.wilson.nfc.common.ServerResponse<com.wilson.nfc.model.User>(true)
Caching aspect applied for cache modelDependencies with key com.wilson.nfc.common.ServerResponse<com.wilson.nfc.model.User>(true)
Cache key generated: com.wilson.nfc.model.User(true)
Caching aspect applied for cache modelProperties with key com.wilson.nfc.model.User(true)
Cache key generated: com.wilson.nfc.common.ServerResponse<com.wilson.nfc.model.User>(true)
Caching aspect applied for cache modelProperties with key com.wilson.nfc.common.ServerResponse<com.wilson.nfc.model.User>(true)
Cache key generated: com.wilson.nfc.model.User(true)
Caching aspect applied for cache modelProperties with key com.wilson.nfc.model.User(true)
Cache key generated: com.wilson.nfc.model.User(true)
Caching aspect applied for cache modelProperties with key com.wilson.nfc.model.User(true)
Cache key generated: /user/{id}.com.wilson.nfc.controller.portal.UserController.findUserById.DefaultGenericTypeNamingStrategy
Caching aspect applied for cache operations with key /user/{id}.com.wilson.nfc.controller.portal.UserController.findUserById.DefaultGenericTypeNamingStrategy
Group for method findUserById was user-controller
Group for method findUserById was user-controller
Cache Key Generated: com.wilson.nfc.common.ServerResponse<com.wilson.nfc.model.User>(true)
Caching aspect applied for cache models with key com.wilson.nfc.common.ServerResponse<com.wilson.nfc.model.User>(true)
Cache Key Generated: com.wilson.nfc.common.ServerResponse<com.wilson.nfc.model.User>(true)
Caching aspect applied for cache modelDependencies with key com.wilson.nfc.common.ServerResponse<com.wilson.nfc.model.User>(true)
Cache key generated: com.wilson.nfc.model.User(true)
Caching aspect applied for cache modelProperties with key com.wilson.nfc.model.User(true)
Cache Key Generated: com.wilson.nfc.model.LoginModel(false)
Caching aspect applied for cache models with key com.wilson.nfc.model.LoginModel(false)
Cache key generated: com.wilson.nfc.model.LoginModel(false)
Caching aspect applied for cache modelProperties with key com.wilson.nfc.model.LoginModel(false)
Cache Key Generated: com.wilson.nfc.model.LoginModel(false)
Caching aspect applied for cache modelDependencies with key com.wilson.nfc.model.LoginModel(false)
Cache key generated: com.wilson.nfc.model.LoginModel(false)
Caching aspect applied for cache modelProperties with key com.wilson.nfc.model.LoginModel(false)
Cache key generated: /user/login.com.wilson.nfc.controller.portal.UserController.login.DefaultGenericTypeNamingStrategy
Caching aspect applied for cache operations with key /user/login.com.wilson.nfc.controller.portal.UserController.login.DefaultGenericTypeNamingStrategy
Group for method login was user-controller
Group for method login was user-controller
Starting ProtocolHandler ["http-nio-8080"]
Using a shared selector for servlet write/read
Tomcat started on port(s): 8080 (http) with context path ''
Started NfcJavaApplication in 8.869 seconds (JVM running for 9.83)
Initializing Spring FrameworkServlet 'dispatcherServlet'
FrameworkServlet 'dispatcherServlet': initialization started
FrameworkServlet 'dispatcherServlet': initialization completed in 27 ms
Closing org.springframework.boot.web.servlet.context.AnnotationConfigServletWebServerApplicationContext@67a20f67: startup date [Fri Jun 22 15:27:17 CST 2018]; root of context hierarchy
Unregistering JMX-exposed beans on shutdown
Unregistering JMX-exposed beans
